<?xml version="1.0" encoding="UTF-8"?>
<!-- Generated by org.testng.reporters.JUnitXMLReporter -->
<testsuite ignored="0" hostname="Adarshs-MacBook-Pro.local" failures="1" tests="1" name="AllSuites" time="1.915" errors="0" timestamp="2026-07-19T12:22:31 IST">
  <testcase classname="io.cucumber.testng.AbstractTestNGCucumberTests" name="runScenario" time="1.703">
    <failure type="java.lang.NullPointerException" message="Cannot invoke &amp;quot;java.util.Properties.getProperty(String)&amp;quot; because &amp;quot;utils.ConfigReader.properties&amp;quot; is null">
      <![CDATA[java.lang.NullPointerException: Cannot invoke "java.util.Properties.getProperty(String)" because "utils.ConfigReader.properties" is null
at utils.ConfigReader.getProperty(ConfigReader.java:28)
at stepdefs.SearchMovie.page_has_opened_and_working(SearchMovie.java:17)
at ✽.Page has opened and working(file:///Users/adarshmohanakumar/Documents/dev/java/everything/src/test/resources/features/login.feature:4)
]]>
    </failure>
  </testcase> <!-- runScenario -->
</testsuite> <!-- AllSuites -->
