<?xml version="1.0" encoding="UTF-8"?>
<!-- Generated by org.testng.reporters.JUnitXMLReporter -->
<testsuite ignored="0" hostname="Adarshs-MacBook-Pro.local" failures="0" tests="2" name="AllSuites" time="9.817" errors="0" timestamp="2026-07-20T11:28:47 IST">
  <testcase classname="io.cucumber.testng.AbstractTestNGCucumberTests" name="runScenario" time="5.064"/>
  <testcase classname="io.cucumber.testng.AbstractTestNGCucumberTests" name="runScenario" time="4.56"/>
</testsuite> <!-- AllSuites -->
