<?xml version="1.0" encoding="UTF-8"?>
<testng-results ignored="0" total="2" passed="2" failed="0" skipped="0">
  <reporter-output>
  </reporter-output>
  <suite started-at="2026-07-20T11:28:37 IST" name="MyArtifactSuite" finished-at="2026-07-20T11:28:47 IST" duration-ms="9817">
    <groups>
      <group name="cucumber">
        <method signature="AbstractTestNGCucumberTests.runScenario(io.cucumber.testng.PickleWrapper,io.cucumber.testng.FeatureWrapper)[pri:0, instance:runners.TestRunner@4278a03f]" name="runScenario" class="io.cucumber.testng.AbstractTestNGCucumberTests"/>
      </group> <!-- cucumber -->
    </groups>
    <test started-at="2026-07-20T11:28:37 IST" name="AllSuites" finished-at="2026-07-20T11:28:47 IST" duration-ms="9817">
      <class name="runners.TestRunner">
        <test-method is-config="true" signature="setUpClass(org.testng.ITestContext)[pri:0, instance:runners.TestRunner@4278a03f]" started-at="2026-07-20T11:28:37 IST" name="setUpClass" finished-at="2026-07-20T11:28:37 IST" duration-ms="171" status="PASS">
          <params>
            <param index="0">
              <value>
                <![CDATA[org.testng.TestRunner@351d00c0]]>
              </value>
            </param>
          </params>
          <reporter-output>
          </reporter-output>
        </test-method> <!-- setUpClass -->
        <test-method signature="runScenario(io.cucumber.testng.PickleWrapper,io.cucumber.testng.FeatureWrapper)[pri:0, instance:runners.TestRunner@4278a03f]" started-at="2026-07-20T11:28:37 IST" name="runScenario" description="Runs Cucumber Scenarios" data-provider="scenarios" finished-at="2026-07-20T11:28:42 IST" duration-ms="5064" status="PASS">
          <params>
            <param index="0">
              <value>
                <![CDATA["Able to search movie"]]>
              </value>
            </param>
            <param index="1">
              <value>
                <![CDATA["Search Movie"]]>
              </value>
            </param>
          </params>
          <reporter-output>
          </reporter-output>
        </test-method> <!-- runScenario -->
        <test-method signature="runScenario(io.cucumber.testng.PickleWrapper,io.cucumber.testng.FeatureWrapper)[pri:0, instance:runners.TestRunner@4278a03f]" started-at="2026-07-20T11:28:42 IST" name="runScenario" description="Runs Cucumber Scenarios" data-provider="scenarios" finished-at="2026-07-20T11:28:47 IST" duration-ms="4560" status="PASS">
          <params>
            <param index="0">
              <value>
                <![CDATA["Able to search list Of movies"]]>
              </value>
            </param>
            <param index="1">
              <value>
                <![CDATA["Search Movie"]]>
              </value>
            </param>
          </params>
          <reporter-output>
          </reporter-output>
        </test-method> <!-- runScenario -->
        <test-method is-config="true" signature="tearDownClass()[pri:0, instance:runners.TestRunner@4278a03f]" started-at="2026-07-20T11:28:47 IST" name="tearDownClass" finished-at="2026-07-20T11:28:47 IST" duration-ms="11" status="PASS">
          <reporter-output>
          </reporter-output>
        </test-method> <!-- tearDownClass -->
      </class> <!-- runners.TestRunner -->
    </test> <!-- AllSuites -->
  </suite> <!-- MyArtifactSuite -->
</testng-results>
