<?xml version="1.0" encoding="UTF-8"?>
<!-- Generated by org.testng.reporters.JUnitReportReporter -->
<testsuite hostname="Adarshs-MacBook-Pro.local" failures="0" tests="1" name="runners.TestRunner" time="1.703" errors="1" timestamp="2026-07-19T12:22:31 IST" skipped="0">
  <testcase classname="runners.TestRunner" name="runScenario" time="1.703">
    <error message="Cannot invoke &quot;java.util.Properties.getProperty(String)&quot; because &quot;utils.ConfigReader.properties&quot; is null" type="java.lang.NullPointerException">
      <![CDATA[java.lang.NullPointerException: Cannot invoke "java.util.Properties.getProperty(String)" because "utils.ConfigReader.properties" is null
at utils.ConfigReader.getProperty(ConfigReader.java:28)
at stepdefs.SearchMovie.page_has_opened_and_working(SearchMovie.java:17)
at ✽.Page has opened and working(file:///Users/adarshmohanakumar/Documents/dev/java/everything/src/test/resources/features/login.feature:4)
]]>
    </error>
  </testcase> <!-- runScenario -->
</testsuite> <!-- runners.TestRunner -->
